2026-03-16T00:01:13.567+04:00  INFO 5232 --- [auth] [SpringApplicationShutdownHook] o.s.boot.tomcat.GracefulShutdown         : Commencing graceful shutdown. Waiting for active requests to complete
2026-03-16T00:01:13.575+04:00  INFO 5232 --- [auth] [tomcat-shutdown] o.s.boot.tomcat.GracefulShutdown         : Graceful shutdown complete
2026-03-16T00:01:13.578+04:00  INFO 5232 --- [auth] [SpringApplicationShutdownHook] j.LocalContainerEntityManagerFactoryBean : Closing JPA EntityManagerFactory for persistence unit 'default'
2026-03-16T00:01:13.580+04:00  INFO 5232 --- [auth] [SpringApplicationShutdownHook] com.zaxxer.hikari.HikariDataSource       : HikariPool-1 - Shutdown initiated...
2026-03-16T00:01:13.584+04:00  INFO 5232 --- [auth] [SpringApplicationShutdownHook] com.zaxxer.hikari.HikariDataSource       : HikariPool-1 - Shutdown completed.
2026-03-16T00:01:20.117+04:00  INFO 3076 --- [auth] [main] com.example.auth.AuthApplication         : Starting AuthApplication using Java 25 with PID 3076 (C:\Users\USER\Documents\AMCCIBS\AHW\Auth_TP1_sonarcloud\auth\target\classes started by USER in C:\Users\USER\Documents\AMCCIBS\AHW\Auth_TP1_sonarcloud\auth)
2026-03-16T00:01:20.119+04:00  INFO 3076 --- [auth] [main] com.example.auth.AuthApplication         : No active profile set, falling back to 1 default profile: "default"
2026-03-16T00:01:20.594+04:00  INFO 3076 --- [auth] [main] .s.d.r.c.RepositoryConfigurationDelegate : Bootstrapping Spring Data JPA repositories in DEFAULT mode.
2026-03-16T00:01:20.645+04:00  INFO 3076 --- [auth] [main] .s.d.r.c.RepositoryConfigurationDelegate : Finished Spring Data repository scanning in 43 ms. Found 1 JPA repository interface.
2026-03-16T00:01:21.068+04:00  INFO 3076 --- [auth] [main] o.s.boot.tomcat.TomcatWebServer          : Tomcat initialized with port 8080 (http)
2026-03-16T00:01:21.080+04:00  INFO 3076 --- [auth] [main] o.apache.catalina.core.StandardService   : Starting service [Tomcat]
2026-03-16T00:01:21.080+04:00  INFO 3076 --- [auth] [main] o.apache.catalina.core.StandardEngine    : Starting Servlet engine: [Apache Tomcat/11.0.18]
2026-03-16T00:01:21.121+04:00  INFO 3076 --- [auth] [main] b.w.c.s.WebApplicationContextInitializer : Root WebApplicationContext: initialization completed in 961 ms
2026-03-16T00:01:21.249+04:00  INFO 3076 --- [auth] [main] org.hibernate.orm.jpa                    : HHH008540: Processing PersistenceUnitInfo [name: default]
2026-03-16T00:01:21.290+04:00  INFO 3076 --- [auth] [main] org.hibernate.orm.core                   : HHH000001: Hibernate ORM core version 7.2.4.Final
2026-03-16T00:01:21.761+04:00  INFO 3076 --- [auth] [main] o.s.o.j.p.SpringPersistenceUnitInfo      : No LoadTimeWeaver setup: ignoring JPA class transformer
2026-03-16T00:01:21.787+04:00  INFO 3076 --- [auth] [main] com.zaxxer.hikari.HikariDataSource       : HikariPool-1 - Starting...
2026-03-16T00:01:21.919+04:00  INFO 3076 --- [auth] [main] com.zaxxer.hikari.pool.HikariPool        : HikariPool-1 - Added connection com.mysql.cj.jdbc.ConnectionImpl@41026e5c
2026-03-16T00:01:21.921+04:00  INFO 3076 --- [auth] [main] com.zaxxer.hikari.HikariDataSource       : HikariPool-1 - Start completed.
2026-03-16T00:01:21.966+04:00  WARN 3076 --- [auth] [main] org.hibernate.orm.core                   : HHH000511: The 5.5.5 version for [org.hibernate.dialect.MySQLDialect] is no longer supported, hence certain features may not work properly.The minimum supported version is 8.0.0. Check the community dialects project for available legacy versions.
2026-03-16T00:01:21.984+04:00  INFO 3076 --- [auth] [main] org.hibernate.orm.connections.pooling    : HHH10001005: Database info:
	Database JDBC URL [jdbc:mysql://localhost:3306/auth]
	Database driver: MySQL Connector/J
	Database dialect: MySQLDialect
	Database version: 5.5.5
	Default catalog/schema: auth/undefined
	Autocommit mode: undefined/unknown
	Isolation level: REPEATABLE_READ [default REPEATABLE_READ]
	JDBC fetch size: none
	Pool: DataSourceConnectionProvider
	Minimum pool size: undefined/unknown
	Maximum pool size: undefined/unknown
2026-03-16T00:01:22.753+04:00  INFO 3076 --- [auth] [main] org.hibernate.orm.core                   : HHH000489: No JTA platform available (set 'hibernate.transaction.jta.platform' to enable JTA platform integration)
2026-03-16T00:01:22.805+04:00  INFO 3076 --- [auth] [main] j.LocalContainerEntityManagerFactoryBean : Initialized JPA EntityManagerFactory for persistence unit 'default'
2026-03-16T00:01:22.885+04:00  INFO 3076 --- [auth] [main] o.s.d.j.r.query.QueryEnhancerFactories   : Hibernate is in classpath; If applicable, HQL parser will be used.
2026-03-16T00:01:23.174+04:00  WARN 3076 --- [auth] [main] .s.a.UserDetailsServiceAutoConfiguration : 

Using generated security password: 903f72c8-14eb-430e-9aab-029c10ac4a42

This generated password is for development use only. Your security configuration must be updated before running your application in production.

2026-03-16T00:01:23.182+04:00  INFO 3076 --- [auth] [main] r$InitializeUserDetailsManagerConfigurer : Global AuthenticationManager configured with UserDetailsService bean with name inMemoryUserDetailsManager
2026-03-16T00:01:23.533+04:00  INFO 3076 --- [auth] [main] o.s.boot.tomcat.TomcatWebServer          : Tomcat started on port 8080 (http) with context path '/'
2026-03-16T00:01:23.537+04:00  INFO 3076 --- [auth] [main] com.example.auth.AuthApplication         : Started AuthApplication in 3.755 seconds (process running for 4.081)
2026-03-16T00:01:49.310+04:00  INFO 3076 --- [auth] [SpringApplicationShutdownHook] o.s.boot.tomcat.GracefulShutdown         : Commencing graceful shutdown. Waiting for active requests to complete
2026-03-16T00:01:49.315+04:00  INFO 3076 --- [auth] [tomcat-shutdown] o.s.boot.tomcat.GracefulShutdown         : Graceful shutdown complete
2026-03-16T00:01:49.317+04:00  INFO 3076 --- [auth] [SpringApplicationShutdownHook] j.LocalContainerEntityManagerFactoryBean : Closing JPA EntityManagerFactory for persistence unit 'default'
2026-03-16T00:01:49.319+04:00  INFO 3076 --- [auth] [SpringApplicationShutdownHook] com.zaxxer.hikari.HikariDataSource       : HikariPool-1 - Shutdown initiated...
2026-03-16T00:01:49.325+04:00  INFO 3076 --- [auth] [SpringApplicationShutdownHook] com.zaxxer.hikari.HikariDataSource       : HikariPool-1 - Shutdown completed.
